<?xml version="1.0" encoding="UTF-8"?>
<testsuite name="com.santiifm.milou.domain.usecase.SearchLibraryUseCaseTest" tests="7" skipped="0" failures="0" errors="0" timestamp="2026-07-27T10:37:16.897Z" hostname="DESKTOP-6D10D9G" time="0.109">
  <properties/>
  <testcase name="invoke should calculate offset correctly for page 0" classname="com.santiifm.milou.domain.usecase.SearchLibraryUseCaseTest" time="0.071"/>
  <testcase name="invoke should calculate offset correctly for page 1" classname="com.santiifm.milou.domain.usecase.SearchLibraryUseCaseTest" time="0.001"/>
  <testcase name="invoke should calculate offset correctly for page 5" classname="com.santiifm.milou.domain.usecase.SearchLibraryUseCaseTest" time="0.001"/>
  <testcase name="invoke should propagate filter mode" classname="com.santiifm.milou.domain.usecase.SearchLibraryUseCaseTest" time="0.002"/>
  <testcase name="invoke should handle multiple consoles" classname="com.santiifm.milou.domain.usecase.SearchLibraryUseCaseTest" time="0.03"/>
  <testcase name="invoke should normalize query" classname="com.santiifm.milou.domain.usecase.SearchLibraryUseCaseTest" time="0.003"/>
  <testcase name="invoke should handle empty query" classname="com.santiifm.milou.domain.usecase.SearchLibraryUseCaseTest" time="0.001"/>
  <system-out><![CDATA[]]></system-out>
  <system-err><![CDATA[]]></system-err>
</testsuite>
